{"name":"PositiveCase","status":"skipped","statusDetails":{"known":false,"muted":false,"flaky":false,"message":"Element not found {$$(83 elements)[32]}\r\nExpected: exist\r\nScreenshot: file:/C:/Users/salom/IdeaProjects/Final_Project/build/reports/tests/1636720008470.0.png\r\nPage source: file:/C:/Users/salom/IdeaProjects/Final_Project/build/reports/tests/1636720008470.0.html\r\nTimeout: 4 s.\r\nCaused by: StaleElementReferenceException: stale element reference: element is not attached to the page document","trace":"Element not found {$$(83 elements)[32]}\r\nExpected: exist\r\nScreenshot: file:/C:/Users/salom/IdeaProjects/Final_Project/build/reports/tests/1636720008470.0.png\r\nPage source: file:/C:/Users/salom/IdeaProjects/Final_Project/build/reports/tests/1636720008470.0.html\r\nTimeout: 4 s.\r\nCaused by: StaleElementReferenceException: stale element reference: element is not attached to the page document\r\n\tat com.codeborne.selenide.impl.WebElementSource.createElementNotFoundError(WebElementSource.java:85)\r\n\tat com.codeborne.selenide.impl.CollectionElement.createElementNotFoundError(CollectionElement.java:63)\r\n\tat com.codeborne.selenide.impl.ExceptionWrapper.wrap(ExceptionWrapper.java:32)\r\n\tat com.codeborne.selenide.impl.SelenideElementProxy.dispatchAndRetry(SelenideElementProxy.java:153)\r\n\tat com.codeborne.selenide.impl.SelenideElementProxy.invoke(SelenideElementProxy.java:83)\r\n\tat jdk.proxy2/jdk.proxy2.$Proxy18.has(Unknown Source)\r\n\tat StepObjects.RegistrationSteps.chooseElementFromList(RegistrationSteps.java:82)\r\n\tat StepObjects.RegistrationSteps.yearChoose(RegistrationSteps.java:106)\r\n\tat Registration_wachawin.PositiveCase(Registration_wachawin.java:36)\r\n\tat java.base/jdk.internal.reflect.NativeMethodAccessorImpl.invoke0(Native Method)\r\n\tat java.base/jdk.internal.reflect.NativeMethodAccessorImpl.invoke(NativeMethodAccessorImpl.java:77)\r\n\tat java.base/jdk.internal.reflect.DelegatingMethodAccessorImpl.invoke(DelegatingMethodAccessorImpl.java:43)\r\n\tat java.base/java.lang.reflect.Method.invoke(Method.java:568)\r\n\tat org.testng.internal.MethodInvocationHelper.invokeMethod(MethodInvocationHelper.java:124)\r\n\tat org.testng.internal.Invoker.invokeMethod(Invoker.java:583)\r\n\tat org.testng.internal.Invoker.invokeTestMethod(Invoker.java:719)\r\n\tat org.testng.internal.Invoker.invokeTestMethods(Invoker.java:989)\r\n\tat org.testng.internal.TestMethodWorker.invokeTestMethods(TestMethodWorker.java:125)\r\n\tat org.testng.internal.TestMethodWorker.run(TestMethodWorker.java:109)\r\n\tat org.testng.TestRunner.privateRun(TestRunner.java:648)\r\n\tat org.testng.TestRunner.run(TestRunner.java:505)\r\n\tat org.testng.SuiteRunner.runTest(SuiteRunner.java:455)\r\n\tat org.testng.SuiteRunner.access$000(SuiteRunner.java:40)\r\n\tat org.testng.SuiteRunner$SuiteWorker.run(SuiteRunner.java:489)\r\n\tat org.testng.internal.thread.ThreadUtil$1.call(ThreadUtil.java:52)\r\n\tat java.base/java.util.concurrent.FutureTask.run(FutureTask.java:264)\r\n\tat java.base/java.util.concurrent.ThreadPoolExecutor.runWorker(ThreadPoolExecutor.java:1136)\r\n\tat java.base/java.util.concurrent.ThreadPoolExecutor$Worker.run(ThreadPoolExecutor.java:635)\r\n\tat java.base/java.lang.Thread.run(Thread.java:833)\r\nCaused by: org.openqa.selenium.StaleElementReferenceException: stale element reference: element is not attached to the page document\n  (Session info: chrome=95.0.4638.69)\nFor documentation on this error, please visit: https://selenium.dev/exceptions/#stale_element_reference\nBuild info: version: '4.0.0', revision: '3a21814679'\nSystem info: host: 'DESKTOP-EL484RE', ip: '172.27.234.29', os.name: 'Windows 10', os.arch: 'amd64', os.version: '10.0', java.version: '17.0.1'\nDriver info: org.openqa.selenium.chrome.ChromeDriver\nCommand: [f7a9920606c84366fe72a187d65c0e44, getElementTagName {id=001a9288-ab7f-48f6-be93-27a26c364ea0}]\nCapabilities {acceptInsecureCerts: true, browserName: chrome, browserVersion: 95.0.4638.69, chrome: {chromedriverVersion: 95.0.4638.69 (6a1600ed572fe..., userDataDir: C:\\Users\\salom\\AppData\\Loca...}, goog:chromeOptions: {debuggerAddress: localhost:60584}, javascriptEnabled: true, networkConnectionEnabled: false, pageLoadStrategy: normal, platform: WINDOWS, platformName: WINDOWS, proxy: Proxy(), se:cdp: ws://localhost:60584/devtoo..., se:cdpVersion: 95.0.4638.69, setWindowRect: true, strictFileInteractability: false, timeouts: {implicit: 0, pageLoad: 300000, script: 30000}, unhandledPromptBehavior: dismiss and notify, webauthn:extension:credBlob: true, webauthn:extension:largeBlob: true, webauthn:virtualAuthenticators: true}\nElement: [[ChromeDriver: chrome on WINDOWS (f7a9920606c84366fe72a187d65c0e44)] -> css selector: #vs3__listbox li]\nSession ID: f7a9920606c84366fe72a187d65c0e44\r\n\tat jdk.internal.reflect.GeneratedConstructorAccessor12.newInstance(Unknown Source)\r\n\tat java.base/jdk.internal.reflect.DelegatingConstructorAccessorImpl.newInstance(DelegatingConstructorAccessorImpl.java:45)\r\n\tat java.base/java.lang.reflect.Constructor.newInstanceWithCaller(Constructor.java:499)\r\n\tat java.base/java.lang.reflect.Constructor.newInstance(Constructor.java:480)\r\n\tat org.openqa.selenium.remote.codec.w3c.W3CHttpResponseCodec.createException(W3CHttpResponseCodec.java:200)\r\n\tat org.openqa.selenium.remote.codec.w3c.W3CHttpResponseCodec.decode(W3CHttpResponseCodec.java:133)\r\n\tat org.openqa.selenium.remote.codec.w3c.W3CHttpResponseCodec.decode(W3CHttpResponseCodec.java:53)\r\n\tat org.openqa.selenium.remote.HttpCommandExecutor.execute(HttpCommandExecutor.java:184)\r\n\tat org.openqa.selenium.remote.service.DriverCommandExecutor.invokeExecute(DriverCommandExecutor.java:164)\r\n\tat org.openqa.selenium.remote.service.DriverCommandExecutor.execute(DriverCommandExecutor.java:139)\r\n\tat org.openqa.selenium.remote.RemoteWebDriver.execute(RemoteWebDriver.java:559)\r\n\tat org.openqa.selenium.remote.RemoteWebElement.execute(RemoteWebElement.java:251)\r\n\tat org.openqa.selenium.remote.RemoteWebElement.getTagName(RemoteWebElement.java:131)\r\n\tat com.codeborne.selenide.conditions.Text.getText(Text.java:35)\r\n\tat com.codeborne.selenide.conditions.TextCondition.check(TextCondition.java:29)\r\n\tat com.codeborne.selenide.commands.Matches.execute(Matches.java:27)\r\n\tat com.codeborne.selenide.commands.Matches.execute(Matches.java:19)\r\n\tat com.codeborne.selenide.commands.Commands.execute(Commands.java:155)\r\n\tat com.codeborne.selenide.impl.SelenideElementProxy.dispatchAndRetry(SelenideElementProxy.java:131)\r\n\t... 25 more\r\n"},"stage":"finished","description":"Success Registration Steps","steps":[{"name":"Click At Registration Button","status":"passed","stage":"finished","steps":[],"attachments":[],"parameters":[],"start":1636719988786,"stop":1636719994088},{"name":"Fill Email Input, Value: 61zPzzY89Q@gmail.com","status":"passed","stage":"finished","steps":[],"attachments":[],"parameters":[{"name":"Email","value":"61zPzzY89Q@gmail.com"}],"start":1636719994092,"stop":1636719996211},{"name":"Fill Password Input, Value: salome1989","status":"passed","stage":"finished","steps":[],"attachments":[],"parameters":[{"name":"Password","value":"salome1989"}],"start":1636719996211,"stop":1636719996311},{"name":"Fill Repeat Password Input, Value: salome1989","status":"passed","stage":"finished","steps":[],"attachments":[],"parameters":[{"name":"RepeatPassword","value":"salome1989"}],"start":1636719996311,"stop":1636719996406},{"name":"Fill Mobile Input, Value: 3042679418","status":"passed","stage":"finished","steps":[],"attachments":[],"parameters":[{"name":"Mobile","value":"3042679418"}],"start":1636719996406,"stop":1636719996501},{"name":"Click At Next Button","status":"passed","stage":"finished","steps":[],"attachments":[],"parameters":[],"start":1636719996501,"stop":1636719999607},{"name":"Fill First Name Input, Value: aZD88R","status":"passed","stage":"finished","steps":[],"attachments":[],"parameters":[{"name":"FirstName","value":"aZD88R"}],"start":1636719999607,"stop":1636720002705},{"name":"Fill Last Name Input, Value: Akc","status":"passed","stage":"finished","steps":[],"attachments":[],"parameters":[{"name":"LastName","value":"Akc"}],"start":1636720002706,"stop":1636720002800},{"name":"Choose Day, Value: 16","status":"passed","stage":"finished","steps":[],"attachments":[],"parameters":[{"name":"birthDay","value":"16"}],"start":1636720002800,"stop":1636720003324},{"name":"Choose Month, Value: 8","status":"passed","stage":"finished","steps":[],"attachments":[],"parameters":[{"name":"birthMonth","value":"8"}],"start":1636720003324,"stop":1636720003723},{"name":"Choose Year, Value: 16","status":"failed","statusDetails":{"known":false,"muted":false,"flaky":false,"message":"Element not found {$$(83 elements)[32]}\r\nExpected: exist\r\nScreenshot: file:/C:/Users/salom/IdeaProjects/Final_Project/build/reports/tests/1636720008470.0.png\r\nPage source: file:/C:/Users/salom/IdeaProjects/Final_Project/build/reports/tests/1636720008470.0.html\r\nTimeout: 4 s.\r\nCaused by: StaleElementReferenceException: stale element reference: element is not attached to the page document","trace":"Element not found {$$(83 elements)[32]}\r\nExpected: exist\r\nScreenshot: file:/C:/Users/salom/IdeaProjects/Final_Project/build/reports/tests/1636720008470.0.png\r\nPage source: file:/C:/Users/salom/IdeaProjects/Final_Project/build/reports/tests/1636720008470.0.html\r\nTimeout: 4 s.\r\nCaused by: StaleElementReferenceException: stale element reference: element is not attached to the page document\r\n\tat com.codeborne.selenide.impl.WebElementSource.createElementNotFoundError(WebElementSource.java:85)\r\n\tat com.codeborne.selenide.impl.CollectionElement.createElementNotFoundError(CollectionElement.java:63)\r\n\tat com.codeborne.selenide.impl.ExceptionWrapper.wrap(ExceptionWrapper.java:32)\r\n\tat com.codeborne.selenide.impl.SelenideElementProxy.dispatchAndRetry(SelenideElementProxy.java:153)\r\n\tat com.codeborne.selenide.impl.SelenideElementProxy.invoke(SelenideElementProxy.java:83)\r\n\tat jdk.proxy2/jdk.proxy2.$Proxy18.has(Unknown Source)\r\n\tat StepObjects.RegistrationSteps.chooseElementFromList(RegistrationSteps.java:82)\r\n\tat StepObjects.RegistrationSteps.yearChoose(RegistrationSteps.java:106)\r\n\tat Registration_wachawin.PositiveCase(Registration_wachawin.java:36)\r\n\tat java.base/jdk.internal.reflect.NativeMethodAccessorImpl.invoke0(Native Method)\r\n\tat java.base/jdk.internal.reflect.NativeMethodAccessorImpl.invoke(NativeMethodAccessorImpl.java:77)\r\n\tat java.base/jdk.internal.reflect.DelegatingMethodAccessorImpl.invoke(DelegatingMethodAccessorImpl.java:43)\r\n\tat java.base/java.lang.reflect.Method.invoke(Method.java:568)\r\n\tat org.testng.internal.MethodInvocationHelper.invokeMethod(MethodInvocationHelper.java:124)\r\n\tat org.testng.internal.Invoker.invokeMethod(Invoker.java:583)\r\n\tat org.testng.internal.Invoker.invokeTestMethod(Invoker.java:719)\r\n\tat org.testng.internal.Invoker.invokeTestMethods(Invoker.java:989)\r\n\tat org.testng.internal.TestMethodWorker.invokeTestMethods(TestMethodWorker.java:125)\r\n\tat org.testng.internal.TestMethodWorker.run(TestMethodWorker.java:109)\r\n\tat org.testng.TestRunner.privateRun(TestRunner.java:648)\r\n\tat org.testng.TestRunner.run(TestRunner.java:505)\r\n\tat org.testng.SuiteRunner.runTest(SuiteRunner.java:455)\r\n\tat org.testng.SuiteRunner.access$000(SuiteRunner.java:40)\r\n\tat org.testng.SuiteRunner$SuiteWorker.run(SuiteRunner.java:489)\r\n\tat org.testng.internal.thread.ThreadUtil$1.call(ThreadUtil.java:52)\r\n\tat java.base/java.util.concurrent.FutureTask.run(FutureTask.java:264)\r\n\tat java.base/java.util.concurrent.ThreadPoolExecutor.runWorker(ThreadPoolExecutor.java:1136)\r\n\tat java.base/java.util.concurrent.ThreadPoolExecutor$Worker.run(ThreadPoolExecutor.java:635)\r\n\tat java.base/java.lang.Thread.run(Thread.java:833)\r\nCaused by: org.openqa.selenium.StaleElementReferenceException: stale element reference: element is not attached to the page document\n  (Session info: chrome=95.0.4638.69)\nFor documentation on this error, please visit: https://selenium.dev/exceptions/#stale_element_reference\nBuild info: version: '4.0.0', revision: '3a21814679'\nSystem info: host: 'DESKTOP-EL484RE', ip: '172.27.234.29', os.name: 'Windows 10', os.arch: 'amd64', os.version: '10.0', java.version: '17.0.1'\nDriver info: org.openqa.selenium.chrome.ChromeDriver\nCommand: [f7a9920606c84366fe72a187d65c0e44, getElementTagName {id=001a9288-ab7f-48f6-be93-27a26c364ea0}]\nCapabilities {acceptInsecureCerts: true, browserName: chrome, browserVersion: 95.0.4638.69, chrome: {chromedriverVersion: 95.0.4638.69 (6a1600ed572fe..., userDataDir: C:\\Users\\salom\\AppData\\Loca...}, goog:chromeOptions: {debuggerAddress: localhost:60584}, javascriptEnabled: true, networkConnectionEnabled: false, pageLoadStrategy: normal, platform: WINDOWS, platformName: WINDOWS, proxy: Proxy(), se:cdp: ws://localhost:60584/devtoo..., se:cdpVersion: 95.0.4638.69, setWindowRect: true, strictFileInteractability: false, timeouts: {implicit: 0, pageLoad: 300000, script: 30000}, unhandledPromptBehavior: dismiss and notify, webauthn:extension:credBlob: true, webauthn:extension:largeBlob: true, webauthn:virtualAuthenticators: true}\nElement: [[ChromeDriver: chrome on WINDOWS (f7a9920606c84366fe72a187d65c0e44)] -> css selector: #vs3__listbox li]\nSession ID: f7a9920606c84366fe72a187d65c0e44\r\n\tat jdk.internal.reflect.GeneratedConstructorAccessor12.newInstance(Unknown Source)\r\n\tat java.base/jdk.internal.reflect.DelegatingConstructorAccessorImpl.newInstance(DelegatingConstructorAccessorImpl.java:45)\r\n\tat java.base/java.lang.reflect.Constructor.newInstanceWithCaller(Constructor.java:499)\r\n\tat java.base/java.lang.reflect.Constructor.newInstance(Constructor.java:480)\r\n\tat org.openqa.selenium.remote.codec.w3c.W3CHttpResponseCodec.createException(W3CHttpResponseCodec.java:200)\r\n\tat org.openqa.selenium.remote.codec.w3c.W3CHttpResponseCodec.decode(W3CHttpResponseCodec.java:133)\r\n\tat org.openqa.selenium.remote.codec.w3c.W3CHttpResponseCodec.decode(W3CHttpResponseCodec.java:53)\r\n\tat org.openqa.selenium.remote.HttpCommandExecutor.execute(HttpCommandExecutor.java:184)\r\n\tat org.openqa.selenium.remote.service.DriverCommandExecutor.invokeExecute(DriverCommandExecutor.java:164)\r\n\tat org.openqa.selenium.remote.service.DriverCommandExecutor.execute(DriverCommandExecutor.java:139)\r\n\tat org.openqa.selenium.remote.RemoteWebDriver.execute(RemoteWebDriver.java:559)\r\n\tat org.openqa.selenium.remote.RemoteWebElement.execute(RemoteWebElement.java:251)\r\n\tat org.openqa.selenium.remote.RemoteWebElement.getTagName(RemoteWebElement.java:131)\r\n\tat com.codeborne.selenide.conditions.Text.getText(Text.java:35)\r\n\tat com.codeborne.selenide.conditions.TextCondition.check(TextCondition.java:29)\r\n\tat com.codeborne.selenide.commands.Matches.execute(Matches.java:27)\r\n\tat com.codeborne.selenide.commands.Matches.execute(Matches.java:19)\r\n\tat com.codeborne.selenide.commands.Commands.execute(Commands.java:155)\r\n\tat com.codeborne.selenide.impl.SelenideElementProxy.dispatchAndRetry(SelenideElementProxy.java:131)\r\n\t... 25 more\r\n"},"stage":"finished","steps":[],"attachments":[],"parameters":[{"name":"birthYear","value":"16"}],"start":1636720003723,"stop":1636720008743}],"attachments":[],"parameters":[],"start":1636719988701,"stop":1636720008747,"uuid":"a548d3e1-189b-442b-a4d7-eb2d8ce8f3eb","historyId":"37bbfbbd1e53b532b72aa0c938fff19e","fullName":"Registration_wachawin.PositiveCase","labels":[{"name":"package","value":"Registration_wachawin"},{"name":"testClass","value":"Registration_wachawin"},{"name":"testMethod","value":"PositiveCase"},{"name":"parentSuite","value":"Automation Suite"},{"name":"suite","value":"TestSuit1"},{"name":"subSuite","value":"Registration_wachawin"},{"name":"host","value":"DESKTOP-EL484RE"},{"name":"thread","value":"9200@DESKTOP-EL484RE.TestNG-tests-1(17)"},{"name":"framework","value":"testng"},{"name":"language","value":"java"}],"links":[]}